<?xml version="1.0" encoding="UTF-8"?>
<!-- Generated by org.testng.reporters.JUnitReportReporter -->
<testsuite hostname="LAPTOP-APRGE7P2" failures="0" tests="2" name="testPackage.VerifyLoginPage" time="8.313" errors="0" timestamp="2021-10-30T19:20:13 IST" skipped="0">
  <testcase classname="testPackage.VerifyLoginPage" name="toVerifyLoginPage" time="4.020"/>
  <system-out/>
  <testcase classname="testPackage.VerifyLoginPage" name="toVerifyLoginPage" time="4.293"/>
  <system-out/>
</testsuite> <!-- testPackage.VerifyLoginPage -->
